{"/home/krish/mindtree/node-test/app.js":{"path":"/home/krish/mindtree/node-test/app.js","s":{"1":1,"2":1,"3":1,"4":1,"5":2,"6":1,"7":1,"8":1},"b":{},"f":{},"fnMap":{},"statementMap":{"1":{"start":{"line":1,"column":0},"end":{"line":1,"column":34}},"2":{"start":{"line":3,"column":0},"end":{"line":3,"column":21}},"3":{"start":{"line":5,"column":0},"end":{"line":5,"column":23}},"4":{"start":{"line":8,"column":0},"end":{"line":10,"column":2}},"5":{"start":{"line":9,"column":4},"end":{"line":9,"column":30}},"6":{"start":{"line":14,"column":0},"end":{"line":16,"column":2}},"7":{"start":{"line":15,"column":4},"end":{"line":15,"column":43}},"8":{"start":{"line":18,"column":0},"end":{"line":18,"column":21}}},"branchMap":{}},"/home/krish/mindtree/node-test/models/product.js":{"path":"/home/krish/mindtree/node-test/models/product.js","s":{"1":1,"2":0,"3":0},"b":{},"f":{"1":0},"fnMap":{"1":{"name":"(anonymous_1)","line":2,"loc":{"start":{"line":2,"column":15},"end":{"line":2,"column":28}}}},"statementMap":{"1":{"start":{"line":1,"column":0},"end":{"line":8,"column":1}},"2":{"start":{"line":4,"column":8},"end":{"line":4,"column":43}},"3":{"start":{"line":6,"column":8},"end":{"line":6,"column":57}}},"branchMap":{}}}